
Collecting usage statistics. To deactivate, set browser.gatherUsageStats to false.


  You can now view your Streamlit app in your browser.

  Local URL: http://localhost:8501
  Network URL: http://10.1.0.24:8501
  External URL: http://191.232.53.126:8501

2026-04-10 14:50:02.309 Please replace `use_container_width` with `width`.

`use_container_width` will be removed after 2025-12-31.

For `use_container_width=True`, use `width='stretch'`. For `use_container_width=False`, use `width='content'`.
2026-04-10 14:50:13.624 Please replace `use_container_width` with `width`.

`use_container_width` will be removed after 2025-12-31.

For `use_container_width=True`, use `width='stretch'`. For `use_container_width=False`, use `width='content'`.
2026-04-10 14:50:14.450 Please replace `use_container_width` with `width`.

`use_container_width` will be removed after 2025-12-31.

For `use_container_width=True`, use `width='stretch'`. For `use_container_width=False`, use `width='content'`.
2026-04-10 14:50:15.801 Please replace `use_container_width` with `width`.

`use_container_width` will be removed after 2025-12-31.

For `use_container_width=True`, use `width='stretch'`. For `use_container_width=False`, use `width='content'`.
2026-04-10 15:19:44.859 Please replace `use_container_width` with `width`.

`use_container_width` will be removed after 2025-12-31.

For `use_container_width=True`, use `width='stretch'`. For `use_container_width=False`, use `width='content'`.
2026-04-10 15:21:01.445 Please replace `use_container_width` with `width`.

`use_container_width` will be removed after 2025-12-31.

For `use_container_width=True`, use `width='stretch'`. For `use_container_width=False`, use `width='content'`.
2026-04-10 15:21:02.427 Please replace `use_container_width` with `width`.

`use_container_width` will be removed after 2025-12-31.

For `use_container_width=True`, use `width='stretch'`. For `use_container_width=False`, use `width='content'`.
2026-04-10 15:21:03.359 Please replace `use_container_width` with `width`.

`use_container_width` will be removed after 2025-12-31.

For `use_container_width=True`, use `width='stretch'`. For `use_container_width=False`, use `width='content'`.
2026-04-10 15:23:15.327 Please replace `use_container_width` with `width`.

`use_container_width` will be removed after 2025-12-31.

For `use_container_width=True`, use `width='stretch'`. For `use_container_width=False`, use `width='content'`.
2026-04-10 15:30:19.236 Please replace `use_container_width` with `width`.

`use_container_width` will be removed after 2025-12-31.

For `use_container_width=True`, use `width='stretch'`. For `use_container_width=False`, use `width='content'`.
2026-04-10 15:43:11.615 Script compilation error
Traceback (most recent call last):
  File "/home/efonseca/.local/lib/python3.10/site-packages/streamlit/runtime/scriptrunner/script_runner.py", line 591, in _run_script
    code = self._script_cache.get_bytecode(script_path)
  File "/home/efonseca/.local/lib/python3.10/site-packages/streamlit/runtime/scriptrunner/script_cache.py", line 72, in get_bytecode
    filebody = magic.add_magic(filebody, script_path)
  File "/home/efonseca/.local/lib/python3.10/site-packages/streamlit/runtime/scriptrunner/magic.py", line 45, in add_magic
    tree = ast.parse(code, script_path, "exec")
  File "/usr/lib/python3.10/ast.py", line 50, in parse
    return compile(source, filename, mode, flags,
  File "/home/efonseca/workspace/Projeto Mentions On-Demand/src/ui/app.py", line 173
    }
    ^
SyntaxError: unmatched '}'
2026-04-10 15:43:11.662 Thread 'MainThread': missing ScriptRunContext! This warning can be ignored when running in bare mode.
2026-04-10 15:43:15.609 Script compilation error
Traceback (most recent call last):
  File "/home/efonseca/.local/lib/python3.10/site-packages/streamlit/runtime/scriptrunner/script_runner.py", line 591, in _run_script
    code = self._script_cache.get_bytecode(script_path)
  File "/home/efonseca/.local/lib/python3.10/site-packages/streamlit/runtime/scriptrunner/script_cache.py", line 72, in get_bytecode
    filebody = magic.add_magic(filebody, script_path)
  File "/home/efonseca/.local/lib/python3.10/site-packages/streamlit/runtime/scriptrunner/magic.py", line 45, in add_magic
    tree = ast.parse(code, script_path, "exec")
  File "/usr/lib/python3.10/ast.py", line 50, in parse
    return compile(source, filename, mode, flags,
  File "/home/efonseca/workspace/Projeto Mentions On-Demand/src/ui/app.py", line 173
    }
    ^
SyntaxError: unmatched '}'
2026-04-10 15:43:15.613 Thread 'MainThread': missing ScriptRunContext! This warning can be ignored when running in bare mode.
2026-04-10 15:43:19.967 Script compilation error
Traceback (most recent call last):
  File "/home/efonseca/.local/lib/python3.10/site-packages/streamlit/runtime/scriptrunner/script_runner.py", line 591, in _run_script
    code = self._script_cache.get_bytecode(script_path)
  File "/home/efonseca/.local/lib/python3.10/site-packages/streamlit/runtime/scriptrunner/script_cache.py", line 72, in get_bytecode
    filebody = magic.add_magic(filebody, script_path)
  File "/home/efonseca/.local/lib/python3.10/site-packages/streamlit/runtime/scriptrunner/magic.py", line 45, in add_magic
    tree = ast.parse(code, script_path, "exec")
  File "/usr/lib/python3.10/ast.py", line 50, in parse
    return compile(source, filename, mode, flags,
  File "/home/efonseca/workspace/Projeto Mentions On-Demand/src/ui/app.py", line 173
    }
    ^
SyntaxError: unmatched '}'
2026-04-10 15:43:19.970 Thread 'MainThread': missing ScriptRunContext! This warning can be ignored when running in bare mode.
2026-04-10 15:43:24.005 Script compilation error
Traceback (most recent call last):
  File "/home/efonseca/.local/lib/python3.10/site-packages/streamlit/runtime/scriptrunner/script_runner.py", line 591, in _run_script
    code = self._script_cache.get_bytecode(script_path)
  File "/home/efonseca/.local/lib/python3.10/site-packages/streamlit/runtime/scriptrunner/script_cache.py", line 72, in get_bytecode
    filebody = magic.add_magic(filebody, script_path)
  File "/home/efonseca/.local/lib/python3.10/site-packages/streamlit/runtime/scriptrunner/magic.py", line 45, in add_magic
    tree = ast.parse(code, script_path, "exec")
  File "/usr/lib/python3.10/ast.py", line 50, in parse
    return compile(source, filename, mode, flags,
  File "/home/efonseca/workspace/Projeto Mentions On-Demand/src/ui/app.py", line 173
    }
    ^
SyntaxError: unmatched '}'
2026-04-10 15:43:24.008 Thread 'MainThread': missing ScriptRunContext! This warning can be ignored when running in bare mode.
2026-04-10 15:43:32.263 Script compilation error
Traceback (most recent call last):
  File "/home/efonseca/.local/lib/python3.10/site-packages/streamlit/runtime/scriptrunner/script_runner.py", line 591, in _run_script
    code = self._script_cache.get_bytecode(script_path)
  File "/home/efonseca/.local/lib/python3.10/site-packages/streamlit/runtime/scriptrunner/script_cache.py", line 72, in get_bytecode
    filebody = magic.add_magic(filebody, script_path)
  File "/home/efonseca/.local/lib/python3.10/site-packages/streamlit/runtime/scriptrunner/magic.py", line 45, in add_magic
    tree = ast.parse(code, script_path, "exec")
  File "/usr/lib/python3.10/ast.py", line 50, in parse
    return compile(source, filename, mode, flags,
  File "/home/efonseca/workspace/Projeto Mentions On-Demand/src/ui/app.py", line 173
    }
    ^
SyntaxError: unmatched '}'
2026-04-10 15:43:32.264 Thread 'MainThread': missing ScriptRunContext! This warning can be ignored when running in bare mode.
2026-04-10 15:43:35.757 Script compilation error
Traceback (most recent call last):
  File "/home/efonseca/.local/lib/python3.10/site-packages/streamlit/runtime/scriptrunner/script_runner.py", line 591, in _run_script
    code = self._script_cache.get_bytecode(script_path)
  File "/home/efonseca/.local/lib/python3.10/site-packages/streamlit/runtime/scriptrunner/script_cache.py", line 72, in get_bytecode
    filebody = magic.add_magic(filebody, script_path)
  File "/home/efonseca/.local/lib/python3.10/site-packages/streamlit/runtime/scriptrunner/magic.py", line 45, in add_magic
    tree = ast.parse(code, script_path, "exec")
  File "/usr/lib/python3.10/ast.py", line 50, in parse
    return compile(source, filename, mode, flags,
  File "/home/efonseca/workspace/Projeto Mentions On-Demand/src/ui/app.py", line 173
    }
    ^
SyntaxError: unmatched '}'
2026-04-10 15:43:35.764 Thread 'MainThread': missing ScriptRunContext! This warning can be ignored when running in bare mode.
2026-04-10 16:04:26.640 Script compilation error
Traceback (most recent call last):
  File "/home/efonseca/.local/lib/python3.10/site-packages/streamlit/runtime/scriptrunner/script_runner.py", line 591, in _run_script
    code = self._script_cache.get_bytecode(script_path)
  File "/home/efonseca/.local/lib/python3.10/site-packages/streamlit/runtime/scriptrunner/script_cache.py", line 72, in get_bytecode
    filebody = magic.add_magic(filebody, script_path)
  File "/home/efonseca/.local/lib/python3.10/site-packages/streamlit/runtime/scriptrunner/magic.py", line 45, in add_magic
    tree = ast.parse(code, script_path, "exec")
  File "/usr/lib/python3.10/ast.py", line 50, in parse
    return compile(source, filename, mode, flags,
  File "/home/efonseca/workspace/Projeto Mentions On-Demand/src/ui/app.py", line 181
    }
    ^
SyntaxError: unmatched '}'
2026-04-10 16:04:26.642 Thread 'MainThread': missing ScriptRunContext! This warning can be ignored when running in bare mode.
2026-04-10 16:04:37.854 Script compilation error
Traceback (most recent call last):
  File "/home/efonseca/.local/lib/python3.10/site-packages/streamlit/runtime/scriptrunner/script_runner.py", line 591, in _run_script
    code = self._script_cache.get_bytecode(script_path)
  File "/home/efonseca/.local/lib/python3.10/site-packages/streamlit/runtime/scriptrunner/script_cache.py", line 72, in get_bytecode
    filebody = magic.add_magic(filebody, script_path)
  File "/home/efonseca/.local/lib/python3.10/site-packages/streamlit/runtime/scriptrunner/magic.py", line 45, in add_magic
    tree = ast.parse(code, script_path, "exec")
  File "/usr/lib/python3.10/ast.py", line 50, in parse
    return compile(source, filename, mode, flags,
  File "/home/efonseca/workspace/Projeto Mentions On-Demand/src/ui/app.py", line 181
    }
    ^
SyntaxError: unmatched '}'
2026-04-10 16:04:37.857 Thread 'MainThread': missing ScriptRunContext! This warning can be ignored when running in bare mode.
2026-04-10 16:04:53.064 Script compilation error
Traceback (most recent call last):
  File "/home/efonseca/.local/lib/python3.10/site-packages/streamlit/runtime/scriptrunner/script_runner.py", line 591, in _run_script
    code = self._script_cache.get_bytecode(script_path)
  File "/home/efonseca/.local/lib/python3.10/site-packages/streamlit/runtime/scriptrunner/script_cache.py", line 72, in get_bytecode
    filebody = magic.add_magic(filebody, script_path)
  File "/home/efonseca/.local/lib/python3.10/site-packages/streamlit/runtime/scriptrunner/magic.py", line 45, in add_magic
    tree = ast.parse(code, script_path, "exec")
  File "/usr/lib/python3.10/ast.py", line 50, in parse
    return compile(source, filename, mode, flags,
  File "/home/efonseca/workspace/Projeto Mentions On-Demand/src/ui/app.py", line 181
    }
    ^
SyntaxError: unmatched '}'
2026-04-10 16:04:53.069 Thread 'MainThread': missing ScriptRunContext! This warning can be ignored when running in bare mode.
2026-04-10 16:08:11.024 Please replace `use_container_width` with `width`.

`use_container_width` will be removed after 2025-12-31.

For `use_container_width=True`, use `width='stretch'`. For `use_container_width=False`, use `width='content'`.
2026-04-10 16:08:15.378 Please replace `use_container_width` with `width`.

`use_container_width` will be removed after 2025-12-31.

For `use_container_width=True`, use `width='stretch'`. For `use_container_width=False`, use `width='content'`.
2026-04-10 16:08:16.607 Please replace `use_container_width` with `width`.

`use_container_width` will be removed after 2025-12-31.

For `use_container_width=True`, use `width='stretch'`. For `use_container_width=False`, use `width='content'`.
2026-04-10 16:08:17.549 Please replace `use_container_width` with `width`.

`use_container_width` will be removed after 2025-12-31.

For `use_container_width=True`, use `width='stretch'`. For `use_container_width=False`, use `width='content'`.
  Stopping...
